<?xml version="1.0" encoding="UTF-8"?>
<!-- Generated by org.testng.reporters.JUnitReportReporter -->
<testsuite hostname="Thirumalaivasans-MacBook-Air.local" failures="0" tests="1" name="testCases.HomePageValidation" time="113.479" errors="0" timestamp="2024-01-30T20:17:57 IST" skipped="0">
  <testcase classname="testCases.HomePageValidation" name="HomePageValidationFunctionality" time="113.479"/>
</testsuite> <!-- testCases.HomePageValidation -->
